2023-11-15 21:45:55,071 INFO  [main] de.telran.bankapp.BankAppApplication : Starting BankAppApplication using Java 19.0.2 with PID 24340 (D:\Natalia\TelRan\TestH2\BankApp\target\classes started by natal in D:\Natalia\TelRan\TestH2\BankApp)
2023-11-15 21:45:55,083 INFO  [main] de.telran.bankapp.BankAppApplication : No active profile set, falling back to 1 default profile: "default"
2023-11-15 21:45:55,874 INFO  [main] org.springframework.data.repository.config.RepositoryConfigurationDelegate : Multiple Spring Data modules found, entering strict repository configuration mode
2023-11-15 21:45:55,875 INFO  [main] org.springframework.data.repository.config.RepositoryConfigurationDelegate : Bootstrapping Spring Data JDBC repositories in DEFAULT mode.
2023-11-15 21:45:55,898 INFO  [main] org.springframework.data.repository.config.RepositoryConfigurationExtensionSupport : Spring Data JDBC - Could not safely identify store assignment for repository candidate interface de.telran.bankapp.repository.AccountRepository; If you want this repository to be a JDBC repository, consider annotating your entities with one of these annotations: org.springframework.data.relational.core.mapping.Table.
2023-11-15 21:45:55,899 INFO  [main] org.springframework.data.repository.config.RepositoryConfigurationExtensionSupport : Spring Data JDBC - Could not safely identify store assignment for repository candidate interface de.telran.bankapp.repository.AgreementRepository; If you want this repository to be a JDBC repository, consider annotating your entities with one of these annotations: org.springframework.data.relational.core.mapping.Table.
2023-11-15 21:45:55,900 INFO  [main] org.springframework.data.repository.config.RepositoryConfigurationExtensionSupport : Spring Data JDBC - Could not safely identify store assignment for repository candidate interface de.telran.bankapp.repository.ClientRepository; If you want this repository to be a JDBC repository, consider annotating your entities with one of these annotations: org.springframework.data.relational.core.mapping.Table.
2023-11-15 21:45:55,900 INFO  [main] org.springframework.data.repository.config.RepositoryConfigurationExtensionSupport : Spring Data JDBC - Could not safely identify store assignment for repository candidate interface de.telran.bankapp.repository.ManagerRepository; If you want this repository to be a JDBC repository, consider annotating your entities with one of these annotations: org.springframework.data.relational.core.mapping.Table.
2023-11-15 21:45:55,901 INFO  [main] org.springframework.data.repository.config.RepositoryConfigurationExtensionSupport : Spring Data JDBC - Could not safely identify store assignment for repository candidate interface de.telran.bankapp.repository.ProductRepository; If you want this repository to be a JDBC repository, consider annotating your entities with one of these annotations: org.springframework.data.relational.core.mapping.Table.
2023-11-15 21:45:55,901 INFO  [main] org.springframework.data.repository.config.RepositoryConfigurationDelegate : Finished Spring Data repository scanning in 24 ms. Found 0 JDBC repository interfaces.
2023-11-15 21:45:55,909 INFO  [main] org.springframework.data.repository.config.RepositoryConfigurationDelegate : Multiple Spring Data modules found, entering strict repository configuration mode
2023-11-15 21:45:55,910 INFO  [main] org.springframework.data.repository.config.RepositoryConfigurationDelegate : Bootstrapping Spring Data JPA repositories in DEFAULT mode.
2023-11-15 21:45:55,939 INFO  [main] org.springframework.data.repository.config.RepositoryConfigurationDelegate : Finished Spring Data repository scanning in 26 ms. Found 5 JPA repository interfaces.
2023-11-15 21:45:56,447 INFO  [main] org.springframework.boot.web.embedded.tomcat.TomcatWebServer : Tomcat initialized with port(s): 8080 (http)
2023-11-15 21:45:56,454 INFO  [main] org.apache.catalina.core.StandardService : Starting service [Tomcat]
2023-11-15 21:45:56,455 INFO  [main] org.apache.catalina.core.StandardEngine : Starting Servlet engine: [Apache Tomcat/10.1.12]
2023-11-15 21:45:56,521 INFO  [main] org.apache.catalina.core.ContainerBase.[Tomcat].[localhost].[/] : Initializing Spring embedded WebApplicationContext
2023-11-15 21:45:56,522 INFO  [main] org.springframework.boot.web.servlet.context.ServletWebServerApplicationContext : Root WebApplicationContext: initialization completed in 1403 ms
2023-11-15 21:45:56,552 INFO  [main] com.zaxxer.hikari.HikariDataSource : HikariPool-1 - Starting...
2023-11-15 21:45:56,700 INFO  [main] com.zaxxer.hikari.pool.HikariPool : HikariPool-1 - Added connection org.postgresql.jdbc.PgConnection@492521c4
2023-11-15 21:45:56,701 INFO  [main] com.zaxxer.hikari.HikariDataSource : HikariPool-1 - Start completed.
2023-11-15 21:45:56,710 INFO  [main] org.springframework.boot.autoconfigure.h2.H2ConsoleAutoConfiguration : H2 console available at '/h2-console'. Database available at 'jdbc:postgresql://localhost:5433/bank'
2023-11-15 21:45:56,917 INFO  [main] liquibase.database : Set default schema name to public
2023-11-15 21:45:57,027 INFO  [main] liquibase.lockservice : Successfully acquired change log lock
2023-11-15 21:45:57,032 INFO  [main] liquibase.command : Dropping Database Objects in schema: bank.public
2023-11-15 21:45:57,180 WARN  [main] liquibase.executor : Löschvorgang löscht ebenfalls 2 weitere Objekte
2023-11-15 21:45:57,185 WARN  [main] liquibase.executor : Löschvorgang löscht ebenfalls 3 weitere Objekte
2023-11-15 21:45:57,190 WARN  [main] liquibase.executor : Löschvorgang löscht ebenfalls Constraint manager_id_in_product für Tabelle products
2023-11-15 21:45:57,269 INFO  [main] liquibase.database : Successfully deleted all supported object types in schema bank.public.
2023-11-15 21:45:57,276 WARN  [main] liquibase.lockservice : Failed to release change log lock
2023-11-15 21:45:57,276 INFO  [main] liquibase.command : Command execution complete
2023-11-15 21:45:57,793 INFO  [main] liquibase.changelog : Creating database history table with name: public.databasechangelog
2023-11-15 21:45:57,807 INFO  [main] liquibase.changelog : Reading from public.databasechangelog
2023-11-15 21:45:57,865 INFO  [main] liquibase.lockservice : Successfully acquired change log lock
2023-11-15 21:45:57,870 INFO  [main] liquibase.command : Using deploymentId: 0081157870
2023-11-15 21:45:57,871 INFO  [main] liquibase.changelog : Reading from public.databasechangelog
2023-11-15 21:45:57,921 INFO  [main] liquibase.changelog : Table managers created
2023-11-15 21:45:57,922 INFO  [main] liquibase.changelog : ChangeSet db/changelog/changes/v0.0.1-SNAPSHOT/01-create-table-manager-changelog.xml::create managers table::n.kapinos ran successfully in 9ms
2023-11-15 21:45:57,934 INFO  [main] liquibase.changelog : Table products created
2023-11-15 21:45:57,935 INFO  [main] liquibase.changelog : ChangeSet db/changelog/changes/v0.0.1-SNAPSHOT/02-create-table-product-changelog.xml::create products table::n.kapinos ran successfully in 9ms
2023-11-15 21:45:57,949 INFO  [main] liquibase.changelog : Table clients created
2023-11-15 21:45:57,950 INFO  [main] liquibase.changelog : ChangeSet db/changelog/changes/v0.0.1-SNAPSHOT/03-create-table-client-changelog.xml::create clients table::n.kapinos ran successfully in 12ms
2023-11-15 21:45:57,962 INFO  [main] liquibase.changelog : Table accounts created
2023-11-15 21:45:57,962 INFO  [main] liquibase.changelog : ChangeSet db/changelog/changes/v0.0.1-SNAPSHOT/04-create-table-account-changelog.xml::create accounts table::n.kapinos ran successfully in 9ms
2023-11-15 21:45:57,973 INFO  [main] liquibase.changelog : Table agreements created
2023-11-15 21:45:57,974 INFO  [main] liquibase.changelog : ChangeSet db/changelog/changes/v0.0.1-SNAPSHOT/05-create-table-agreement-changelog.xml::create agreements table::n.kapinos ran successfully in 9ms
2023-11-15 21:45:57,987 INFO  [main] liquibase.changelog : Table transactions created
2023-11-15 21:45:57,987 INFO  [main] liquibase.changelog : ChangeSet db/changelog/changes/v0.0.1-SNAPSHOT/06-create-table-transaction-changelog.xml::create transactions table::n.kapinos ran successfully in 10ms
2023-11-15 21:45:57,993 INFO  [main] liquibase.changelog : New row inserted into managers
2023-11-15 21:45:57,994 INFO  [main] liquibase.changelog : New row inserted into managers
2023-11-15 21:45:57,995 INFO  [main] liquibase.changelog : New row inserted into managers
2023-11-15 21:45:57,996 INFO  [main] liquibase.changelog : New row inserted into managers
2023-11-15 21:45:57,996 INFO  [main] liquibase.changelog : ChangeSet db/changelog/changes/v0.0.1-SNAPSHOT/01-insert_test_data_managers-changelog.xml::insert test data into managers table::n.kapinos ran successfully in 5ms
2023-11-15 21:45:58,006 INFO  [main] liquibase.changelog : New row inserted into products
2023-11-15 21:45:58,007 INFO  [main] liquibase.changelog : New row inserted into products
2023-11-15 21:45:58,009 INFO  [main] liquibase.changelog : New row inserted into products
2023-11-15 21:45:58,010 INFO  [main] liquibase.changelog : New row inserted into products
2023-11-15 21:45:58,011 INFO  [main] liquibase.changelog : ChangeSet db/changelog/changes/v0.0.1-SNAPSHOT/02-insert_test_data_products-changelog.xml::insert test data into products table::n.kapinos ran successfully in 9ms
2023-11-15 21:45:58,020 INFO  [main] liquibase.changelog : New row inserted into clients
2023-11-15 21:45:58,021 INFO  [main] liquibase.changelog : New row inserted into clients
2023-11-15 21:45:58,022 INFO  [main] liquibase.changelog : New row inserted into clients
2023-11-15 21:45:58,023 INFO  [main] liquibase.changelog : New row inserted into clients
2023-11-15 21:45:58,024 INFO  [main] liquibase.changelog : New row inserted into clients
2023-11-15 21:45:58,025 INFO  [main] liquibase.changelog : ChangeSet db/changelog/changes/v0.0.1-SNAPSHOT/03-insert_test_data_clients-changelog.xml::insert test data into clients table::n.kapinos ran successfully in 9ms
2023-11-15 21:45:58,035 INFO  [main] liquibase.changelog : New row inserted into accounts
2023-11-15 21:45:58,036 INFO  [main] liquibase.changelog : New row inserted into accounts
2023-11-15 21:45:58,037 INFO  [main] liquibase.changelog : New row inserted into accounts
2023-11-15 21:45:58,037 INFO  [main] liquibase.changelog : New row inserted into accounts
2023-11-15 21:45:58,038 INFO  [main] liquibase.changelog : New row inserted into accounts
2023-11-15 21:45:58,039 INFO  [main] liquibase.changelog : New row inserted into accounts
2023-11-15 21:45:58,040 INFO  [main] liquibase.changelog : New row inserted into accounts
2023-11-15 21:45:58,040 INFO  [main] liquibase.changelog : ChangeSet db/changelog/changes/v0.0.1-SNAPSHOT/04-insert_test_data_accounts-changelog.xml::insert test data into accounts table::n.kapinos ran successfully in 9ms
2023-11-15 21:45:58,047 INFO  [main] liquibase.changelog : New row inserted into agreements
2023-11-15 21:45:58,048 INFO  [main] liquibase.changelog : New row inserted into agreements
2023-11-15 21:45:58,050 INFO  [main] liquibase.changelog : New row inserted into agreements
2023-11-15 21:45:58,050 INFO  [main] liquibase.changelog : ChangeSet db/changelog/changes/v0.0.1-SNAPSHOT/05-insert_test_data_agreements-changelog.xml::insert test data into agreements table::n.kapinos ran successfully in 6ms
2023-11-15 21:45:58,056 INFO  [main] liquibase.changelog : New row inserted into transactions
2023-11-15 21:45:58,057 INFO  [main] liquibase.changelog : New row inserted into transactions
2023-11-15 21:45:58,058 INFO  [main] liquibase.changelog : New row inserted into transactions
2023-11-15 21:45:58,059 INFO  [main] liquibase.changelog : ChangeSet db/changelog/changes/v0.0.1-SNAPSHOT/06-insert_test_data_transactions-changelog.xml::insert test data into transactions table::n.kapinos ran successfully in 5ms
2023-11-15 21:45:58,062 INFO  [main] liquibase.util : UPDATE SUMMARY
2023-11-15 21:45:58,062 INFO  [main] liquibase.util : Run:                         12
2023-11-15 21:45:58,062 INFO  [main] liquibase.util : Previously run:               0
2023-11-15 21:45:58,063 INFO  [main] liquibase.util : Filtered out:                 0
2023-11-15 21:45:58,063 INFO  [main] liquibase.util : -------------------------------
2023-11-15 21:45:58,063 INFO  [main] liquibase.util : Total change sets:           12

2023-11-15 21:45:58,064 INFO  [main] liquibase.util : Update summary generated
2023-11-15 21:45:58,065 INFO  [main] liquibase.command : Update command completed successfully.
2023-11-15 21:45:58,066 INFO  [main] liquibase.lockservice : Successfully released change log lock
2023-11-15 21:45:58,067 INFO  [main] liquibase.command : Command execution complete
2023-11-15 21:45:58,142 INFO  [main] org.hibernate.jpa.internal.util.LogHelper : HHH000204: Processing PersistenceUnitInfo [name: default]
2023-11-15 21:45:58,185 INFO  [main] org.hibernate.Version : HHH000412: Hibernate ORM core version 6.2.7.Final
2023-11-15 21:45:58,186 INFO  [main] org.hibernate.cfg.Environment : HHH000406: Using bytecode reflection optimizer
2023-11-15 21:45:58,296 INFO  [main] org.hibernate.bytecode.internal.BytecodeProviderInitiator : HHH000021: Bytecode provider name : bytebuddy
2023-11-15 21:45:58,385 INFO  [main] org.springframework.orm.jpa.persistenceunit.SpringPersistenceUnitInfo : No LoadTimeWeaver setup: ignoring JPA class transformer
2023-11-15 21:45:58,592 INFO  [main] org.hibernate.bytecode.internal.BytecodeProviderInitiator : HHH000021: Bytecode provider name : bytebuddy
2023-11-15 21:45:59,102 INFO  [main] org.hibernate.engine.transaction.jta.platform.internal.JtaPlatformInitiator : HHH000490: Using JtaPlatform implementation: [org.hibernate.engine.transaction.jta.platform.internal.NoJtaPlatform]
2023-11-15 21:45:59,103 INFO  [main] org.springframework.orm.jpa.LocalContainerEntityManagerFactoryBean : Initialized JPA EntityManagerFactory for persistence unit 'default'
2023-11-15 21:45:59,457 INFO  [main] org.springframework.data.jpa.repository.query.QueryEnhancerFactory : Hibernate is in classpath; If applicable, HQL parser will be used.
2023-11-15 21:46:00,212 WARN  [main] org.springframework.boot.autoconfigure.orm.jpa.JpaBaseConfiguration$JpaWebConfiguration : spring.jpa.open-in-view is enabled by default. Therefore, database queries may be performed during view rendering. Explicitly configure spring.jpa.open-in-view to disable this warning
2023-11-15 21:46:00,767 INFO  [main] org.springframework.boot.web.embedded.tomcat.TomcatWebServer : Tomcat started on port(s): 8080 (http) with context path ''
2023-11-15 21:46:00,773 INFO  [main] de.telran.bankapp.BankAppApplication : Started BankAppApplication in 6.037 seconds (process running for 9.205)
2023-11-15 21:49:04,989 INFO  [SpringApplicationShutdownHook] org.springframework.orm.jpa.LocalContainerEntityManagerFactoryBean : Closing JPA EntityManagerFactory for persistence unit 'default'
2023-11-15 21:49:04,991 INFO  [SpringApplicationShutdownHook] com.zaxxer.hikari.HikariDataSource : HikariPool-1 - Shutdown initiated...
2023-11-15 21:49:04,993 INFO  [SpringApplicationShutdownHook] com.zaxxer.hikari.HikariDataSource : HikariPool-1 - Shutdown completed.
